<?xml version="1.0" encoding="UTF-8"?>
<testsuites>
    <testsuite name="login-gmm-solution;login-gmm-solution" tests="5" failures="0" skipped="0">
        <properties>
            <property name="@login" value="true">
            </property>
            <property name="URI" value="C:/Users/ysong/test/BDD ui integration/features/gmm-login.feature">
            </property>
        </properties>
        <testcase name="Given I am on the GMM login page" classname="login-gmm-solution;login-gmm-solution" time="14.239929534">
        </testcase>
        <testcase name="When I type the user name &quot;yukuan.song@gmail.com&quot;" classname="login-gmm-solution;login-gmm-solution" time="0.000729563">
        </testcase>
        <testcase name="And I type the password &quot;Mycode123456789!&quot;" classname="login-gmm-solution;login-gmm-solution" time="0.000387526">
        </testcase>
        <testcase name="And I click the login button" classname="login-gmm-solution;login-gmm-solution" time="0.000391757">
        </testcase>
        <testcase name="Then I should get into the gmm landing page and see some results" classname="login-gmm-solution;login-gmm-solution" time="0.000631889">
        </testcase>
    </testsuite>
    <testsuite name="searching-for-vote-cards-app;google-search-for-vote-cards-app" tests="2" failures="0" skipped="0">
        <properties>
            <property name="@search" value="true">
            </property>
            <property name="URI" value="C:/Users/ysong/test/BDD ui integration/features/google-search.feature">
            </property>
        </properties>
        <testcase name="When I search Google for &quot;itunes vote cards app&quot;" classname="searching-for-vote-cards-app;google-search-for-vote-cards-app" time="6.172439765">
        </testcase>
        <testcase name="Then I should see &quot;Vote Cards&quot; in the results" classname="searching-for-vote-cards-app;google-search-for-vote-cards-app" time="1.176030108">
        </testcase>
    </testsuite>
    <testsuite name="searching-for-vote-cards-app;google-search-for-course-of-life-app" tests="2" failures="0" skipped="0">
        <properties>
            <property name="@search" value="true">
            </property>
            <property name="URI" value="C:/Users/ysong/test/BDD ui integration/features/google-search.feature">
            </property>
        </properties>
        <testcase name="When I search Google for &quot;CourseOf.Life&quot;" classname="searching-for-vote-cards-app;google-search-for-course-of-life-app" time="7.662658003">
        </testcase>
        <testcase name="Then I should see some results" classname="searching-for-vote-cards-app;google-search-for-course-of-life-app" time="1.400305225">
        </testcase>
    </testsuite>
</testsuites>